  Main.cpp
c:\users\jesse\documents\visual studio 2015\projects\ecengine\ecengine\customallocator.h(107): warning C4522: 'CustomAllocator<int>': multiple assignment operators specified
  c:\program files (x86)\microsoft visual studio 14.0\vc\include\xmemory0(883): note: see reference to class template instantiation 'CustomAllocator<int>' being compiled
  c:\program files (x86)\microsoft visual studio 14.0\vc\include\vector(450): note: see reference to class template instantiation 'std::_Wrap_alloc<CustomAllocator<int>>' being compiled
  c:\program files (x86)\microsoft visual studio 14.0\vc\include\vector(502): note: see reference to class template instantiation 'std::_Vec_base_types<_Ty,_Alloc>' being compiled
          with
          [
              _Ty=int,
              _Alloc=CustomAllocator<int>
          ]
  c:\program files (x86)\microsoft visual studio 14.0\vc\include\vector(680): note: see reference to class template instantiation 'std::_Vector_alloc<std::_Vec_base_types<_Ty,_Alloc>>' being compiled
          with
          [
              _Ty=int,
              _Alloc=CustomAllocator<int>
          ]
  c:\users\jesse\documents\visual studio 2015\projects\ecengine\ecengine\customallocator.h(112): note: see reference to class template instantiation 'std::vector<int,CustomAllocator<int>>' being compiled
c:\users\jesse\documents\visual studio 2015\projects\ecengine\ecengine\customallocator.h(107): warning C4522: 'CustomAllocator<_Newfirst>': multiple assignment operators specified
          with
          [
              _Newfirst=std::_Container_proxy
          ]
  c:\program files (x86)\microsoft visual studio 14.0\vc\include\xmemory0(883): note: see reference to class template instantiation 'CustomAllocator<_Newfirst>' being compiled
          with
          [
              _Newfirst=std::_Container_proxy
          ]
  c:\program files (x86)\microsoft visual studio 14.0\vc\include\vector(588): note: see reference to class template instantiation 'std::_Wrap_alloc<CustomAllocator<_Newfirst>>' being compiled
          with
          [
              _Newfirst=std::_Container_proxy
          ]
  c:\program files (x86)\microsoft visual studio 14.0\vc\include\vector(586): note: while compiling class template member function 'void std::_Vector_alloc<std::_Vec_base_types<_Ty,_Alloc>>::_Free_proxy(void)'
          with
          [
              _Ty=int,
              _Alloc=CustomAllocator<int>
          ]
  c:\program files (x86)\microsoft visual studio 14.0\vc\include\vector(559): note: see reference to function template instantiation 'void std::_Vector_alloc<std::_Vec_base_types<_Ty,_Alloc>>::_Free_proxy(void)' being compiled
          with
          [
              _Ty=int,
              _Alloc=CustomAllocator<int>
          ]
  c:\program files (x86)\microsoft visual studio 14.0\vc\include\vector(680): note: see reference to class template instantiation 'std::_Vector_alloc<std::_Vec_base_types<_Ty,_Alloc>>' being compiled
          with
          [
              _Ty=int,
              _Alloc=CustomAllocator<int>
          ]
  c:\users\jesse\documents\visual studio 2015\projects\ecengine\ecengine\customallocator.h(112): note: see reference to class template instantiation 'std::vector<int,CustomAllocator<int>>' being compiled
  ECEngine.vcxproj -> C:\Users\jesse\documents\visual studio 2015\Projects\ECEngine\Debug\ECEngine.exe
  ECEngine.vcxproj -> C:\Users\jesse\documents\visual studio 2015\Projects\ECEngine\Debug\ECEngine.pdb (Full PDB)
