c:\users\jesse\documents\visual studio 2015\projects\ecengine\ecengine\x64\debug\ecengine.pch
c:\users\jesse\documents\visual studio 2015\projects\ecengine\ecengine\x64\debug\vc140.pdb
c:\users\jesse\documents\visual studio 2015\projects\ecengine\ecengine\x64\debug\vc140.idb
c:\users\jesse\documents\visual studio 2015\projects\ecengine\ecengine\x64\debug\stdafx.obj
c:\users\jesse\documents\visual studio 2015\projects\ecengine\ecengine\x64\debug\gameloop.obj
c:\users\jesse\documents\visual studio 2015\projects\ecengine\ecengine\x64\debug\archtypefactory.obj
c:\users\jesse\documents\visual studio 2015\projects\ecengine\ecengine\x64\debug\archtypes.obj
c:\users\jesse\documents\visual studio 2015\projects\ecengine\ecengine\x64\debug\engine.obj
c:\users\jesse\documents\visual studio 2015\projects\ecengine\ecengine\x64\debug\entity.obj
c:\users\jesse\documents\visual studio 2015\projects\ecengine\ecengine\x64\debug\gamestate.obj
c:\users\jesse\documents\visual studio 2015\projects\ecengine\ecengine\x64\debug\space.obj
c:\users\jesse\documents\visual studio 2015\projects\ecengine\ecengine\x64\debug\system.obj
c:\users\jesse\documents\visual studio 2015\projects\ecengine\ecengine\x64\debug\2dgameworld.obj
c:\users\jesse\documents\visual studio 2015\projects\ecengine\ecengine\x64\debug\testgameworld.obj
c:\users\jesse\documents\visual studio 2015\projects\ecengine\ecengine\x64\debug\resourcemanager.obj
c:\users\jesse\documents\visual studio 2015\projects\ecengine\ecengine\x64\debug\camerasystem.obj
c:\users\jesse\documents\visual studio 2015\projects\ecengine\ecengine\x64\debug\customwindow.obj
c:\users\jesse\documents\visual studio 2015\projects\ecengine\ecengine\x64\debug\glgraphics.obj
c:\users\jesse\documents\visual studio 2015\projects\ecengine\ecengine\x64\debug\stackmemorypool.obj
c:\users\jesse\documents\visual studio 2015\projects\ecengine\ecengine\x64\debug\testtexture.obj
c:\users\jesse\documents\visual studio 2015\projects\ecengine\ecengine\x64\debug\main.obj
c:\users\jesse\documents\visual studio 2015\projects\ecengine\x64\debug\ecengine.lib
c:\users\jesse\documents\visual studio 2015\projects\ecengine\x64\debug\ecengine.exp
c:\users\jesse\documents\visual studio 2015\projects\ecengine\x64\debug\ecengine.pdb
c:\users\jesse\documents\visual studio 2015\projects\ecengine\ecengine\x64\debug\ecengine.tlog\cl.command.1.tlog
c:\users\jesse\documents\visual studio 2015\projects\ecengine\ecengine\x64\debug\ecengine.tlog\cl.read.1.tlog
c:\users\jesse\documents\visual studio 2015\projects\ecengine\ecengine\x64\debug\ecengine.tlog\cl.write.1.tlog
c:\users\jesse\documents\visual studio 2015\projects\ecengine\ecengine\x64\debug\ecengine.tlog\ecengine.write.1u.tlog
c:\users\jesse\documents\visual studio 2015\projects\ecengine\ecengine\x64\debug\ecengine.tlog\link-cvtres.read.1.tlog
c:\users\jesse\documents\visual studio 2015\projects\ecengine\ecengine\x64\debug\ecengine.tlog\link-cvtres.write.1.tlog
c:\users\jesse\documents\visual studio 2015\projects\ecengine\ecengine\x64\debug\ecengine.tlog\link-rc.read.1.tlog
c:\users\jesse\documents\visual studio 2015\projects\ecengine\ecengine\x64\debug\ecengine.tlog\link-rc.write.1.tlog
c:\users\jesse\documents\visual studio 2015\projects\ecengine\ecengine\x64\debug\ecengine.tlog\link.17152-cvtres.read.1.tlog
c:\users\jesse\documents\visual studio 2015\projects\ecengine\ecengine\x64\debug\ecengine.tlog\link.17152-cvtres.write.1.tlog
c:\users\jesse\documents\visual studio 2015\projects\ecengine\ecengine\x64\debug\ecengine.tlog\link.17152-rc.read.1.tlog
c:\users\jesse\documents\visual studio 2015\projects\ecengine\ecengine\x64\debug\ecengine.tlog\link.17152-rc.write.1.tlog
c:\users\jesse\documents\visual studio 2015\projects\ecengine\ecengine\x64\debug\ecengine.tlog\link.17152.read.1.tlog
c:\users\jesse\documents\visual studio 2015\projects\ecengine\ecengine\x64\debug\ecengine.tlog\link.17152.write.1.tlog
c:\users\jesse\documents\visual studio 2015\projects\ecengine\ecengine\x64\debug\ecengine.tlog\link.command.1.tlog
c:\users\jesse\documents\visual studio 2015\projects\ecengine\ecengine\x64\debug\ecengine.tlog\link.read.1.tlog
c:\users\jesse\documents\visual studio 2015\projects\ecengine\ecengine\x64\debug\ecengine.tlog\link.write.1.tlog
